<?xml version="1.0" encoding="UTF-8"?>
<gresources>
  <gresource prefix="/org/gnome/Calculator">
    <file preprocess="xml-stripblanks">gci-test-entry-controller.ui</file>
  </gresource>
</gresources>
