<?xml version="1.0" encoding="UTF-8"?>
<gresources>
  <gresource prefix="/org/foundry/test-debugger-gtk">
    <file>test-debugger-gtk.ui</file>
  </gresource>
</gresources>